1608526325193	geckodriver	INFO	Listening on 127.0.0.1:58984
1608526328238	mozrunner::runner	INFO	Running command: "C:\\Program Files (x86)\\Mozilla Firefox\\firefox.exe" "--marionette" "--headless" "-foreground" "-no-remote" "-profile" "C:\\Users\\val\\AppData\\Local\\Temp\\rust_mozprofileVytIVt"
*** You are running in headless mode.
JavaScript error: resource://gre/modules/XULStore.jsm, line 66: Error: Can't find profile directory.
console.warn: SearchSettings: "get: No settings file exists, new profile?" (new Error("", "(unknown module)"))
1608526333062	Marionette	INFO	Listening on port 58992
1608526333358	Marionette	WARN	TLS certificate errors will be ignored for this session
JavaScript error: , line 0: NS_ERROR_NOT_AVAILABLE
1608528179848	geckodriver	INFO	Listening on 127.0.0.1:59096
1608528182919	mozrunner::runner	INFO	Running command: "C:\\Program Files (x86)\\Mozilla Firefox\\firefox.exe" "--marionette" "--headless" "-foreground" "-no-remote" "-profile" "C:\\Users\\val\\AppData\\Local\\Temp\\rust_mozprofileb3fOUC"
*** You are running in headless mode.
JavaScript error: resource://gre/modules/XULStore.jsm, line 66: Error: Can't find profile directory.
console.warn: SearchSettings: "get: No settings file exists, new profile?" (new Error("", "(unknown module)"))
1608528185006	Marionette	INFO	Listening on port 59104
1608528185057	Marionette	WARN	TLS certificate errors will be ignored for this session
JavaScript error: https://www.instagram.com/static/bundles/es6/DirectMQTT.js/63eb9793a4cf.js, line 14: Error: Publish Timed Out
JavaScript error: https://www.instagram.com/static/bundles/es6/DirectMQTT.js/63eb9793a4cf.js, line 14: Error: Publish Timed Out
Exiting due to channel error.
Exiting due to channel error.
1608528459251	geckodriver	INFO	Listening on 127.0.0.1:59170
1608528462307	mozrunner::runner	INFO	Running command: "C:\\Program Files (x86)\\Mozilla Firefox\\firefox.exe" "--marionette" "--headless" "-foreground" "-no-remote" "-profile" "C:\\Users\\val\\AppData\\Local\\Temp\\rust_mozprofileWwL85u"
*** You are running in headless mode.
JavaScript error: resource://gre/modules/XULStore.jsm, line 66: Error: Can't find profile directory.
console.warn: SearchSettings: "get: No settings file exists, new profile?" (new Error("", "(unknown module)"))
1608528464466	Marionette	INFO	Listening on port 59178
1608528464549	Marionette	WARN	TLS certificate errors will be ignored for this session
JavaScript error: https://www.instagram.com/static/bundles/es6/ConsumerLibCommons.js/37122a5b2d59.js, line 74: AjaxError: item_id is incorrect
JavaScript error: , line 0: uncaught exception: Object
JavaScript error: https://www.instagram.com/static/bundles/es6/DirectMQTT.js/63eb9793a4cf.js, line 14: Error: Publish Timed Out
JavaScript error: https://www.instagram.com/static/bundles/es6/DirectMQTT.js/63eb9793a4cf.js, line 14: Error: Publish Timed Out
JavaScript error: , line 0: NS_ERROR_NOT_AVAILABLE
JavaScript error: https://www.instagram.com/static/bundles/es6/DirectMQTT.js/63eb9793a4cf.js, line 14: Error: Publish Timed Out
JavaScript error: https://www.instagram.com/static/bundles/es6/DirectMQTT.js/63eb9793a4cf.js, line 14: Error: Publish Timed Out
JavaScript error: https://www.instagram.com/static/bundles/es6/ConsumerLibCommons.js/37122a5b2d59.js, line 74: AjaxError: item_id is incorrect
JavaScript error: , line 0: uncaught exception: Object
JavaScript error: https://www.instagram.com/static/bundles/es6/DirectMQTT.js/63eb9793a4cf.js, line 14: Error: Publish Timed Out
JavaScript error: https://www.instagram.com/static/bundles/es6/DirectMQTT.js/63eb9793a4cf.js, line 14: Error: Publish Timed Out
JavaScript error: , line 0: NS_ERROR_NOT_AVAILABLE
JavaScript error: https://www.instagram.com/static/bundles/es6/DirectMQTT.js/63eb9793a4cf.js, line 14: Error: Publish Timed Out
JavaScript error: https://www.instagram.com/static/bundles/es6/DirectMQTT.js/63eb9793a4cf.js, line 14: Error: Publish Timed Out
JavaScript error: https://www.instagram.com/static/bundles/es6/DirectMQTT.js/63eb9793a4cf.js, line 14: Error: Publish Timed Out
JavaScript error: https://www.instagram.com/static/bundles/es6/DirectMQTT.js/63eb9793a4cf.js, line 14: Error: Publish Timed Out
JavaScript error: https://www.instagram.com/static/bundles/es6/ConsumerLibCommons.js/37122a5b2d59.js, line 74: AjaxError: item_id is incorrect
JavaScript error: , line 0: uncaught exception: Object
JavaScript error: https://www.instagram.com/static/bundles/es6/DirectMQTT.js/63eb9793a4cf.js, line 14: Error: Publish Timed Out
JavaScript error: https://www.instagram.com/static/bundles/es6/DirectMQTT.js/63eb9793a4cf.js, line 14: Error: Publish Timed Out
JavaScript error: , line 0: NS_ERROR_NOT_AVAILABLE
JavaScript error: https://www.instagram.com/static/bundles/es6/DirectMQTT.js/63eb9793a4cf.js, line 14: Error: Publish Timed Out
JavaScript error: https://www.instagram.com/static/bundles/es6/DirectMQTT.js/63eb9793a4cf.js, line 14: Error: Publish Timed Out
JavaScript error: , line 0: NS_ERROR_NOT_AVAILABLE
JavaScript error: , line 0: NS_ERROR_NOT_AVAILABLE
A content process crashed and MOZ_CRASHREPORTER_SHUTDOWN is set, shutting down
[Parent 7780, Gecko_IOThread] WARNING: file /builds/worker/checkouts/gecko/ipc/chromium/src/base/process_util_win.cc, line 166
1608878576311	Marionette	INFO	Stopped listening on port 59178
es/XULStore.jsm, line 66: Error: Can't find profile directory.
console.warn: SearchSettings: "get: No settings file exists, new profile?" (new Error("", "(unknown module)"))
1608776182324	Marionette	INFO	Listening on port 54423
1608776182705	Marionette	WARN	TLS certificate errors will be ignored for this session
JavaScript error: , line 0: NS_ERROR_NOT_AVAILABLE
JavaScript error: , line 0: NS_ERROR_NOT_AVAILABLE
Exiting due to channel error.
86)\\Mozilla Firefox\\firefox.exe" "--marionette" "--headless" "-foreground" "-no-remote" "-profile" "C:\\Users\\val\\AppData\\Local\\Temp\\rust_mozprofileRtqPxr"
*** You are running in headless mode.
JavaScript error: resource://gre/modules/XULStore.jsm, line 66: Error: Can't find profile directory.
console.warn: SearchSettings: "get: No settings file exists, new profile?" (new Error("", "(unknown module)"))
1608777002553	Marionette	INFO	Listening on port 54555
1608777002760	Marionette	WARN	TLS certificate errors will be ignored for this session
JavaScript error: https://www.instagram.com/static/bundles/es6/DirectMQTT.js/63eb9793a4cf.js, line 14: Error: Publish Timed Out
JavaScript error: https://www.instagram.com/static/bundles/es6/DirectMQTT.js/63eb9793a4cf.js, line 14: Error: Publish Timed Out
JavaScript error: , line 0: NS_ERROR_NOT_AVAILABLE
JavaScript error: https://www.instagram.com/static/bundles/es6/ConsumerLibCommons.js/37122a5b2d59.js, line 74: AjaxError: item_id is incorrect
JavaScript error: , line 0: uncaught exception: Object
JavaScript error: https://www.instagram.com/static/bundles/es6/DirectMQTT.js/63eb9793a4cf.js, line 14: Error: Publish Timed Out
JavaScript error: https://www.instagram.com/static/bundles/es6/DirectMQTT.js/63eb9793a4cf.js, line 14: Error: Publish Timed Out
JavaScript error: https://www.instagram.com/static/bundles/es6/DirectMQTT.js/63eb9793a4cf.js, line 14: Error: Publish Timed Out
JavaScript error: https://www.instagram.com/static/bundles/es6/DirectMQTT.js/63eb9793a4cf.js, line 14: Error: Publish Timed Out
JavaScript error: , line 0: NS_ERROR_NOT_AVAILABLE
A content process crashed and MOZ_CRASHREPORTER_SHUTDOWN is set, shutting down
[Parent 8736, Gecko_IOThread] WARNING: file /builds/worker/checkouts/gecko/ipc/chromium/src/base/process_util_win.cc, line 166
[Parent 8736, Gecko_IOThread] WARNING: file /builds/worker/checkouts/gecko/ipc/chromium/src/base/process_util_win.cc, line 166
1608878584575	Marionette	INFO	Stopped listening on port 54555
: SearchSettings: "get: No settings file exists, new profile?" (new Error("", "(unknown module)"))
1608863610212	Marionette	INFO	Listening on port 61111
1608863610886	Marionette	WARN	TLS certificate errors will be ignored for this session
JavaScript error: , line 0: NS_ERROR_NOT_AVAILABLE
Exiting due to channel error.
Exiting due to channel error.
08864687470	mozrunner::runner	INFO	Running command: "C:\\Program Files (x86)\\Mozilla Firefox\\firefox.exe" "--marionette" "-foreground" "-no-remote" "-profile" "C:\\Users\\val\\AppData\\Local\\Temp\\rust_mozprofilelS347j"
JavaScript error: resource://gre/modules/XULStore.jsm, line 66: Error: Can't find profile directory.
console.warn: SearchSettings: "get: No settings file exists, new profile?" (new Error("", "(unknown module)"))
1608864689481	Marionette	INFO	Listening on port 61445
1608864689630	Marionette	WARN	TLS certificate errors will be ignored for this session
JavaScript error: https://www.instagram.com/static/bundles/es6/DirectMQTT.js/63eb9793a4cf.js, line 14: Error: Publish Timed Out
JavaScript error: https://www.instagram.com/static/bundles/es6/DirectMQTT.js/63eb9793a4cf.js, line 14: Error: Publish Timed Out
JavaScript error: https://www.instagram.com/static/bundles/es6/DirectMQTT.js/63eb9793a4cf.js, line 14: Error: Publish Timed Out
JavaScript error: https://www.instagram.com/static/bundles/es6/DirectMQTT.js/63eb9793a4cf.js, line 14: Error: Publish Timed Out
JavaScript error: https://www.instagram.com/static/bundles/es6/DirectMQTT.js/63eb9793a4cf.js, line 14: Error: Publish Timed Out
JavaScript error: https://www.instagram.com/static/bundles/es6/DirectMQTT.js/63eb9793a4cf.js, line 14: Error: Publish Timed Out
1608870487894	Marionette	INFO	Stopped listening on port 61445

###!!! [Child][RunMessage] Error: Channel closing: too late to send/recv, messages will be lost

1608874961251	geckodriver	INFO	Listening on 127.0.0.1:62067
1608874964311	mozrunner::runner	INFO	Running command: "C:\\Program Files (x86)\\Mozilla Firefox\\firefox.exe" "--marionette" "-foreground" "-no-remote" "-profile" "C:\\Users\\val\\AppData\\Local\\Temp\\rust_mozprofilebSHmTA"
JavaScript error: resource://gre/modules/XULStore.jsm, line 66: Error: Can't find profile directory.
console.warn: SearchSettings: "get: No settings file exists, new profile?" (new Error("", "(unknown module)"))
1608874966568	Marionette	INFO	Listening on port 62075
1608874967660	Marionette	WARN	TLS certificate errors will be ignored for this session
JavaScript error: https://www.instagram.com/static/bundles/es6/DirectMQTT.js/63eb9793a4cf.js, line 14: Error: Publish Timed Out
JavaScript error: https://www.instagram.com/static/bundles/es6/DirectMQTT.js/63eb9793a4cf.js, line 14: Error: Publish Timed Out
JavaScript error: https://www.instagram.com/static/bundles/es6/DirectMQTT.js/63eb9793a4cf.js, line 14: Error: Publish Timed Out
1608875381597	Marionette	INFO	Stopped listening on port 62075

###!!! [Child][RunMessage] Error: Channel closing: too late to send/recv, messages will be lost

1608875699281	geckodriver	INFO	Listening on 127.0.0.1:62175
1608875702329	mozrunner::runner	INFO	Running command: "C:\\Program Files (x86)\\Mozilla Firefox\\firefox.exe" "--marionette" "--headless" "-foreground" "-no-remote" "-profile" "C:\\Users\\val\\AppData\\Local\\Temp\\rust_mozprofilegCltUO"
*** You are running in headless mode.
JavaScript error: resource://gre/modules/XULStore.jsm, line 66: Error: Can't find profile directory.
console.warn: SearchSettings: "get: No settings file exists, new profile?" (new Error("", "(unknown module)"))
1608875704095	Marionette	INFO	Listening on port 62183
1608875704461	Marionette	WARN	TLS certificate errors will be ignored for this session
JavaScript error: , line 0: NS_ERROR_NOT_AVAILABLE
1608878691030	geckodriver	INFO	Listening on 127.0.0.1:62564
1608878694084	mozrunner::runner	INFO	Running command: "C:\\Program Files (x86)\\Mozilla Firefox\\firefox.exe" "--marionette" "--headless" "-foreground" "-no-remote" "-profile" "C:\\Users\\val\\AppData\\Local\\Temp\\rust_mozprofileWPV5ML"
*** You are running in headless mode.
JavaScript error: resource://gre/modules/XULStore.jsm, line 66: Error: Can't find profile directory.
console.warn: SearchSettings: "get: No settings file exists, new profile?" (new Error("", "(unknown module)"))
1608878696312	Marionette	INFO	Listening on port 62572
1608878697485	Marionette	WARN	TLS certificate errors will be ignored for this session
JavaScript error: https://www.instagram.com/static/bundles/es6/DirectMQTT.js/63eb9793a4cf.js, line 14: Error: Publish Timed Out
JavaScript error: https://www.instagram.com/static/bundles/es6/DirectMQTT.js/63eb9793a4cf.js, line 14: Error: Publish Timed Out
JavaScript error: https://www.instagram.com/static/bundles/es6/DirectMQTT.js/63eb9793a4cf.js, line 14: Error: Publish Timed Out
JavaScript error: https://www.instagram.com/static/bundles/es6/DirectMQTT.js/63eb9793a4cf.js, line 14: Error: Publish Timed Out
JavaScript error: https://www.instagram.com/static/bundles/es6/DirectMQTT.js/63eb9793a4cf.js, line 14: Error: Publish Timed Out
JavaScript error: https://www.instagram.com/static/bundles/es6/DirectMQTT.js/63eb9793a4cf.js, line 14: Error: Publish Timed Out
JavaScript error: https://www.instagram.com/static/bundles/es6/DirectMQTT.js/63eb9793a4cf.js, line 14: Error: Publish Timed Out
JavaScript error: https://www.instagram.com/static/bundles/es6/DirectMQTT.js/63eb9793a4cf.js, line 14: Error: Publish Timed Out
JavaScript error: https://www.instagram.com/static/bundles/es6/DirectMQTT.js/63eb9793a4cf.js, line 14: Error: Publish Timed Out
JavaScript error: , line 0: NS_ERROR_NOT_AVAILABLE
JavaScript error: https://www.instagram.com/static/bundles/es6/DirectMQTT.js/63eb9793a4cf.js, line 14: Error: Publish Timed Out
JavaScript error: https://www.instagram.com/static/bundles/es6/DirectMQTT.js/63eb9793a4cf.js, line 14: Error: Publish Timed Out
JavaScript error: https://www.instagram.com/static/bundles/es6/DirectMQTT.js/63eb9793a4cf.js, line 14: Error: Publish Timed Out
JavaScript error: , line 0: NS_ERROR_NOT_AVAILABLE
JavaScript error: https://www.instagram.com/static/bundles/es6/DirectMQTT.js/63eb9793a4cf.js, line 14: Error: Publish Timed Out
JavaScript error: https://www.instagram.com/static/bundles/es6/DirectMQTT.js/63eb9793a4cf.js, line 14: Error: Publish Timed Out
JavaScript error: https://www.instagram.com/static/bundles/es6/ConsumerLibCommons.js/37122a5b2d59.js, line 74: AjaxError: item_id is incorrect
JavaScript error: , line 0: uncaught exception: Object
JavaScript error: https://www.instagram.com/static/bundles/es6/DirectMQTT.js/63eb9793a4cf.js, line 14: Error: Publish Timed Out
JavaScript error: https://www.instagram.com/static/bundles/es6/DirectMQTT.js/63eb9793a4cf.js, line 14: Error: Publish Timed Out
JavaScript error: https://www.instagram.com/static/bundles/es6/DirectMQTT.js/63eb9793a4cf.js, line 14: Error: Publish Timed Out
JavaScript error: , line 0: NS_ERROR_NOT_AVAILABLE
JavaScript error: , line 0: NS_ERROR_NOT_AVAILABLE
[Parent 10000, Gecko_IOThread] WARNING: pipe error: 232: file /builds/worker/checkouts/gecko/ipc/chromium/src/chrome/common/ipc_channel_win.cc, line 545
[GFX1-]: Receive IPC close with reason=AbnormalShutdown
ocal\\Temp\\rust_mozprofile3ov0R3"
*** You are running in headless mode.
JavaScript error: resource://gre/modules/XULStore.jsm, line 66: Error: Can't find profile directory.
console.warn: SearchSettings: "get: No settings file exists, new profile?" (new Error("", "(unknown module)"))
1609061986665	Marionette	INFO	Listening on port 52302
1609061986839	Marionette	WARN	TLS certificate errors will be ignored for this session
JavaScript error: , line 0: NS_ERROR_NOT_AVAILABLE
JavaScript error: https://www.instagram.com/static/bundles/es6/DirectMQTT.js/63eb9793a4cf.js, line 14: Error: Publish Timed Out
JavaScript error: https://www.instagram.com/static/bundles/es6/DirectMQTT.js/63eb9793a4cf.js, line 14: Error: Publish Timed Out
JavaScript error: , line 0: NS_ERROR_NOT_AVAILABLE
JavaScript error: https://www.instagram.com/static/bundles/es6/ConsumerLibCommons.js/37122a5b2d59.js, line 74: AjaxError: item_id is incorrect
JavaScript error: , line 0: uncaught exception: Object
JavaScript error: https://www.instagram.com/static/bundles/es6/DirectMQTT.js/63eb9793a4cf.js, line 14: Error: Publish Timed Out
JavaScript error: https://www.instagram.com/static/bundles/es6/DirectMQTT.js/63eb9793a4cf.js, line 14: Error: Publish Timed Out
